ana_activityView KZNGFFHzzMtIEckj
ana_animationView dhtlXwPAWPNRpyIj
ana_arrowImageView qDrHMOqeREONFXza
ana_backView FbQTHJsDMUVDhoiB
ana_bottomLabel yKElFYbkDXGmgCsq
ana_button NhxDzhIrgmTQwETZ
ana_buttonBackView kpitoluyBjBrPFHO
ana_buttonBackgroundView JibmlvOUpubXGWVa
ana_buttonBottomButton eyBOGYxcNXjEKWDX
ana_buttonGradient KVglYrxEBYfEZgDP
ana_buttonGradientLayer OJRWbcdnqfHQnGgI
ana_buttonGradientView sVcyGreNlgVlnuQt
ana_buttonShadowView YoojvjtseyCEnOsG
ana_closeButton RyMnfiwUcnXFxWtl
ana_contentLabel jdzPwrQZXZlezaeT
ana_countingView ZiLHAAjQFbDpPBks
ana_currectTime UfmtHthCDdhzMCKW
ana_dateLabel sXOsnprTVwBYWAxS
ana_dismiss nxCvJxOrjkgzLEgi
ana_doneButton TwVjODmdPSBAikNq
ana_doneButtonBackView BVLCvcHCSJqWToUV
ana_doneButtonGradientLayer sninvPnWtYHUfXLZ
ana_editButton DQkBehqrxlhxZIzN
ana_emptyImageView HxoYowAPrpBCpTLK
ana_emptyLabel cAvDyvsPTHfdczcc
ana_emptyView NCPShklcXGvmRniY
ana_featureLabel1 vQllsdIyHPqsWAQb
ana_featureLabel2 YAJtBZLDshWedbLe
ana_featureLabel3 jBfHeixbQKxxwXHL
ana_featuresBackView IrwImyFOCANrRPIi
ana_freeDayLabel EDWNTCzaTCKZeJqF
ana_gradient lMoQVxnRvNhdTjVV
ana_gradientLayer inROVVrCmEmDavEF
ana_gradientView THARKWIEDqRvQrlO
ana_heartImageView dwdHdtSYZmjThUuM
ana_iconImageView1 gbbkEulQzFcBukBL
ana_iconImageView2 EmTNniSTSsuQkYHb
ana_iconImageView3 tyFwbbcsouOkvtRP
ana_imageView vhpsQLuvJGVXyBaJ
ana_index LlidpUoIHOsRXRyV
ana_itemViews YVyFIwEkflZjTXTs
ana_key cKcSpqTANfUsteON
ana_kickButton hWxgUVlSfsmLDnUM
ana_kicks bEWBGuDUjTyyXLSw
ana_kicksLabelsBackView nrppzxzAUkBIZlVn
ana_kicksTitleLabel EMrSHDpxfGeJXKHe
ana_kicksValueLabel klQAtnnSpfSyEKxa
ana_label OlnsEAaTEMIQxSmS
ana_labelsBackView ksjwoYtlpWHevVwv
ana_leftButton GzdHtmakBYdGnldM
ana_likeButton mArVcgAyjZJvdUpJ
ana_mainView ffbJTvSHbYpmHPZN
ana_manager nAvfUcdmzNAshCqC
ana_model sonXJKSZOzvkLJGT
ana_models oGVFDktSBKcLPwxP
ana_nameLabel QvdDPTBIHRkSSKNX
ana_nameTextField cQBvcKrGeqlzmZeS
ana_originArrowLabel rOMegVeHWxddRjVl
ana_originLabel ozlvkzCZQRWpZICR
ana_originView oWiJuzOAPifvKSdv
ana_pipe TaUAicGOYgWxrdhy
ana_playButton sNxdeLZBxNYoqCoh
ana_privacyButton HCxdgIAhagQeRcKn
ana_proButton yJoydnCLwDTcAUFr
ana_proItemView SLJBvRRLfgCRBBMm
ana_product SVKxBcOajFFHyvVA
ana_progress DqhIpSyrMvGNaGEd
ana_progressBackLine qFXMKEOhiFXqyYug
ana_progressBackView ugKeNagVkfUuxVvu
ana_progressImageView mXTuUvVxKRuTwHuo
ana_progressLine bpHrmHBXaJrbRHsn
ana_progressTimeLabel SLrfCWXCMZfoQVWE
ana_recordStartDate nygdnIdMsjvjEsqv
ana_restoreButton VkTNVRHmWYJYTFnh
ana_rightButton mMrxmouqoyczksUX
ana_scene IjOzeRSgpzQcpjwG
ana_scrollView MjKJyRDQUkdnziYX
ana_shareButton SOnZZdPNKXrOdBjN
ana_shouldSeek yfHuNJJlSURgWAZi
ana_startButton lzisfOqClXolVWhQ
ana_startButtonBackView mJRPvaZHOHrpKRDu
ana_startButtonGradientLayer sYRcAsSdaPdbOGsA
ana_startImageView pRhulrYceKVzDnZs
ana_success HseKtXYeFqduFIIr
ana_termsButton bendooPRbakVqPdh
ana_timer ZqKQYNzcCgMDpcgv
ana_timerLabel XbrTPQPdupyHGLnr
ana_timerStartDate DEbeWtoOxovBUUVY
ana_titleLabel IxbcLUbbdwyEtJAo
ana_totalTime ncOOgrgCdzbmByMs
ana_totalTimeLabel JPVHYiWViOAElLdE
ana_versionLabel eQlVwgYDqgbwTTTU
ana_visiableTime xOtFuPLyJsFUWYKw
