ana_arrowImageView DelXiqOAUjPnVYNk
ana_backView lFsYRkKWQyCmKrah
ana_behindStarImageView mOxseQtGQrFyyUjM
ana_bottomLabel nzAZGNBZQfVEedgI
ana_bottomProductView ifgnxgkAmVBSPzhY
ana_button bUpIZpdNugQZykzt
ana_buttonBackgroundView RDzfiYNFDNMqKrHX
ana_buttonBottomLabel jaaUVOiryxROkEbV
ana_buttonGradient wpkWYEmFCYWnUflR
ana_closeButton nuBgNMjkIRaahpVZ
ana_currectTime mZAEMGNiUthrqSBa
ana_dateGradientLayer cKSlkUsfyRGydgrR
ana_dateLabel gbtLuHRgaaRdAaEE
ana_dateView ETuEYQpXawWQQDTK
ana_dismiss LJdMVyoGKpHmLufL
ana_durationTitleLabel XxnxXbxkjkdYsUpb
ana_durationValueLabel FLZryTflADeoaQnh
ana_editButton AYQcAXywghXwTgxc
ana_emptyImageView XeEgeUIjAUDWjvrL
ana_emptyLabel qkyfsuJNRKhKDPnT
ana_emptyView wwkXoysrwAHlSDKV
ana_featureLabel1 BSAQaNVawSGHhBza
ana_featureLabel2 aYPqrPwUEEHaDRVy
ana_featureLabel3 nfykErZpxVhdjOmI
ana_featuresBackView iFdhrrFHXpRTmzcZ
ana_frontStarImageView pHbAMKPrEktednso
ana_gradientLayer WTEldiebQEHZqwdG
ana_gradientView TUrtGGzlQPVXiDdb
ana_iconImageView1 tiQdWOmiHVjFOTTP
ana_iconImageView2 dlrAJwMKNYYDEoiV
ana_iconImageView3 qgleiNRKFYRvNhpP
ana_imageView VMNcESuCPHNsfUVO
ana_itemViews cBzuHCXssDKZvMFW
ana_key KhFhYphBqrDsmqQb
ana_kicks xvzvVbiYcNbOPLRa
ana_kicksTitleLabel ulYXNhkGaeOxshLm
ana_kicksValueLabel IkjQeitIaCYSsqtD
ana_label SFBuLxDZeEEBYIwg
ana_labelsBackView hacZhOuRfIyTAZLl
ana_leftButton jUumrGaLqDHhKEji
ana_likeButton qrzaYLbvaGJQpqGX
ana_manager PLZynouQzWZUKOWL
ana_model CAnzFUFcJyLqIQRp
ana_models xfkeHlbelaGzwipI
ana_monthProduct VQGJhIOLWWBNuuvD
ana_nameLabel KXSUqSiGSJuWDNeu
ana_nameTextField znEhoNvuDaQDANxb
ana_pipe lPOpdbNaFSEKPTwF
ana_playButton LnivJqZZnfLOOkQe
ana_privacyButton qhQiNfzxbNmftsdb
ana_proItemView PbIzpsTPcMykUAdz
ana_progress ICOXdavcfPOWCFdo
ana_progressBackLine HEQEnvUzdBZTQPHI
ana_progressBackView XihdIPQPBeqqtqWA
ana_progressImageView BPZLAakpRyyafbAl
ana_progressLine tsOaYGeSogvAsyfP
ana_progressTimeLabel BwVAmYKPOLPnmJuk
ana_recordStartDate zygNsSdccpNAiBPk
ana_restoreButton qYzaevjCIvKscGsH
ana_rightButton okutufRwgSlMWmEI
ana_scrollView WyDHtQVJLNQHXarW
ana_shareButton xumDdRkjEyrlONjw
ana_shouldSeek ECTafTipKhfLyxBA
ana_sixMonthProduct AnofvwlxefLHZBVB
ana_startImageView RviBHONxWzqYHHRo
ana_success jYEdMoPLBUokqJFf
ana_termsButton qUHZSTAnpbDvvCpy
ana_timeTitleLabel IclfrKeXQBYNcbjQ
ana_timeValueLabel lojvYRpFhkNIwFBn
ana_timer HlxGjpiIJXfxXfLI
ana_timerLabel iAloYLcMySLOkieg
ana_timerStartDate vxkbAVySDXVUTEou
ana_titleImageView ScoQpeBTfdIsQCMW
ana_titleLabel EuvqKSJIxPOgvfbH
ana_topProductView extSBZsvmVUNycIS
ana_totalTime yobEvKoWfESHEERT
ana_totalTimeLabel xEUkCFrqRpcYEIyr
ana_visiableTime jiBxitHlxKWZWHEG
